<?xml version="1.0" encoding="UTF-8"?>
<testsuite xmlns:xsi="http://www.w3.org/2001/XMLSchema-instance" xsi:noNamespaceSchemaLocation="https://maven.apache.org/surefire/maven-surefire-plugin/xsd/surefire-test-report-3.0.xsd" version="3.0" name="se.liu.ida.tdp024.account.data.test.util.UtilityCoverageTest" time="3.514" tests="5" errors="0" skipped="0" failures="0">
  <properties>
[...]
</properties>
  <testcase name="testStatusTypeHelpers" classname="se.liu.ida.tdp024.account.data.test.util.UtilityCoverageTest" time="0.039"/>
  <testcase name="testTransactionTypeHelpers" classname="se.liu.ida.tdp024.account.data.test.util.UtilityCoverageTest" time="0.002"/>
  <testcase name="testStorageFacadeEmptyStorage" classname="se.liu.ida.tdp024.account.data.test.util.UtilityCoverageTest" time="0.004"/>
  <testcase name="testAccountTypeValidation" classname="se.liu.ida.tdp024.account.data.test.util.UtilityCoverageTest" time="0.002"/>
  <testcase name="testEMFGetAndClose" classname="se.liu.ida.tdp024.account.data.test.util.UtilityCoverageTest" time="3.429">
    <system-out><![CDATA[[EL Warning]: 2025-11-06 20:06:18.998--Java SE '25' is not fully supported yet. Report this error to the EclipseLink open source project. (There is no English translation for this message.)
[EL Info]: 2025-11-06 20:06:19.55--ServerSession(1770701191)--EclipseLink, version: Eclipse Persistence Services - 4.0.2.v202306161219
[EMF] Closing factory. Derby home: /Users/vl/tuva/tdp024/soa-tjanst/soa_proj/account-datalayer/target/derby-home
]]></system-out>
  </testcase>
</testsuite>