<?xml version="1.0" encoding="UTF-8"?>
<testsuite xmlns:xsi="http://www.w3.org/2001/XMLSchema-instance" xsi:noNamespaceSchemaLocation="https://maven.apache.org/surefire/maven-surefire-plugin/xsd/surefire-test-report.xsd" version="3.0.2" name="se.liu.ida.tdp024.account.xfinal.test.account.TransactionTest" time="41.128" tests="3" errors="0" skipped="0" failures="0">
  <properties>
[...]
</properties>
  <testcase name="testFind" classname="se.liu.ida.tdp024.account.xfinal.test.account.TransactionTest" time="0.333"/>
  <testcase name="testDebitConcurrency" classname="se.liu.ida.tdp024.account.xfinal.test.account.TransactionTest" time="20.369"/>
  <testcase name="testCreditConcurrency" classname="se.liu.ida.tdp024.account.xfinal.test.account.TransactionTest" time="20.269"/>
</testsuite>